<?xml version="1.0" encoding="UTF-8"?>
<testng-results ignored="0" total="1" passed="1" failed="0" skipped="0">
  <reporter-output>
  </reporter-output>
  <suite started-at="2023-01-23T18:58:21 IST" name="Suite" finished-at="2023-01-23T18:58:27 IST" duration-ms="5946">
    <groups>
    </groups>
    <test started-at="2023-01-23T18:58:21 IST" name="Test" finished-at="2023-01-23T18:58:27 IST" duration-ms="5946">
      <class name="Com.Ecommerce.TestCases.TC_GiftCard">
        <test-method is-config="true" signature="initialization(java.lang.String)[pri:0, instance:Com.Ecommerce.TestCases.TC_GiftCard@1d9b7cce]" started-at="2023-01-23T18:58:21 IST" name="initialization" finished-at="2023-01-23T18:58:25 IST" duration-ms="3811" status="PASS">
          <params>
            <param index="0">
              <value>
                <![CDATA[Chrome]]>
              </value>
            </param>
          </params>
          <reporter-output>
          </reporter-output>
        </test-method> <!-- initialization -->
        <test-method signature="GC()[pri:0, instance:Com.Ecommerce.TestCases.TC_GiftCard@1d9b7cce]" started-at="2023-01-23T18:58:25 IST" name="GC" finished-at="2023-01-23T18:58:26 IST" duration-ms="1650" status="PASS">
          <reporter-output>
          </reporter-output>
        </test-method> <!-- GC -->
        <test-method is-config="true" signature="TearDown()[pri:0, instance:Com.Ecommerce.TestCases.TC_GiftCard@1d9b7cce]" started-at="2023-01-23T18:58:26 IST" name="TearDown" finished-at="2023-01-23T18:58:27 IST" duration-ms="440" status="PASS">
          <reporter-output>
          </reporter-output>
        </test-method> <!-- TearDown -->
      </class> <!-- Com.Ecommerce.TestCases.TC_GiftCard -->
    </test> <!-- Test -->
  </suite> <!-- Suite -->
</testng-results>
